<?xml version="1.0" encoding="UTF-8"?>
<!-- Generated by org.testng.reporters.JUnitReportReporter -->
<testsuite skipped="1" hostname="pavani" name="ReportsInGroovySelenium.DemoHEllo" tests="2" failures="0" timestamp="2020-07-09T16:35:49 IST" time="0.110" errors="1">
  <testcase name="startTest" time="0.110" classname="ReportsInGroovySelenium.DemoHEllo">
    <error type="java.lang.NoClassDefFoundError" message="com/mongodb/MongoClientOptions">
      <![CDATA[java.lang.NoClassDefFoundError: com/mongodb/MongoClientOptions
at java.lang.Class.getDeclaredMethods0(Native Method)
at java.lang.Class.privateGetDeclaredMethods(Class.java:2701)
at java.lang.Class.privateGetPublicMethods(Class.java:2902)
at java.lang.Class.getMethods(Class.java:1615)
at java.beans.Introspector.getPublicDeclaredMethods(Introspector.java:1336)
at java.beans.Introspector.getTargetMethodInfo(Introspector.java:1197)
at java.beans.Introspector.getBeanInfo(Introspector.java:426)
at java.beans.Introspector.getBeanInfo(Introspector.java:173)
at groovy.lang.MetaClassImpl$15.run(MetaClassImpl.java:3356)
at java.security.AccessController.doPrivileged(Native Method)
at groovy.lang.MetaClassImpl.addProperties(MetaClassImpl.java:3354)
at groovy.lang.MetaClassImpl.initialize(MetaClassImpl.java:3331)
at org.codehaus.groovy.reflection.ClassInfo.getMetaClassUnderLock(ClassInfo.java:287)
at org.codehaus.groovy.reflection.ClassInfo.getMetaClass(ClassInfo.java:329)
at org.codehaus.groovy.runtime.metaclass.MetaClassRegistryImpl.getMetaClass(MetaClassRegistryImpl.java:272)
at org.codehaus.groovy.vmplugin.v7.Selector$InitSelector.getMetaClass(Selector.java:400)
at org.codehaus.groovy.vmplugin.v7.Selector$MethodSelector.setCallSiteTarget(Selector.java:986)
at org.codehaus.groovy.vmplugin.v7.IndyInterface.selectMethod(IndyInterface.java:230)
at ReportsInGroovySelenium.DemoHEllo.startTest(DemoHEllo.groovy:18)
at sun.reflect.NativeMethodAccessorImpl.invoke0(Native Method)
at sun.reflect.NativeMethodAccessorImpl.invoke(NativeMethodAccessorImpl.java:62)
at sun.reflect.DelegatingMethodAccessorImpl.invoke(DelegatingMethodAccessorImpl.java:43)
at java.lang.reflect.Method.invoke(Method.java:498)
at org.testng.internal.MethodInvocationHelper.invokeMethod(MethodInvocationHelper.java:135)
at org.testng.internal.MethodInvocationHelper.invokeMethodConsideringTimeout(MethodInvocationHelper.java:64)
at org.testng.internal.ConfigInvoker.invokeConfigurationMethod(ConfigInvoker.java:364)
at org.testng.internal.ConfigInvoker.invokeConfigurations(ConfigInvoker.java:318)
at org.testng.internal.TestMethodWorker.invokeBeforeClassMethods(TestMethodWorker.java:176)
at org.testng.internal.TestMethodWorker.run(TestMethodWorker.java:122)
at java.util.ArrayList.forEach(ArrayList.java:1257)
at org.testng.TestRunner.privateRun(TestRunner.java:767)
at org.testng.TestRunner.run(TestRunner.java:588)
at org.testng.SuiteRunner.runTest(SuiteRunner.java:384)
at org.testng.SuiteRunner.runSequentially(SuiteRunner.java:378)
at org.testng.SuiteRunner.privateRun(SuiteRunner.java:337)
at org.testng.SuiteRunner.run(SuiteRunner.java:286)
at org.testng.SuiteRunnerWorker.runSuite(SuiteRunnerWorker.java:53)
at org.testng.SuiteRunnerWorker.run(SuiteRunnerWorker.java:96)
at org.testng.TestNG.runSuitesSequentially(TestNG.java:1214)
at org.testng.TestNG.runSuitesLocally(TestNG.java:1136)
at org.testng.TestNG.runSuites(TestNG.java:1066)
at org.testng.TestNG.run(TestNG.java:1034)
at org.testng.remote.AbstractRemoteTestNG.run(AbstractRemoteTestNG.java:115)
at org.testng.remote.RemoteTestNG.initAndRun(RemoteTestNG.java:251)
at org.testng.remote.RemoteTestNG.main(RemoteTestNG.java:77)
Caused by: java.lang.ClassNotFoundException: com.mongodb.MongoClientOptions
at java.net.URLClassLoader.findClass(URLClassLoader.java:382)
at java.lang.ClassLoader.loadClass(ClassLoader.java:424)
at sun.misc.Launcher$AppClassLoader.loadClass(Launcher.java:349)
at java.lang.ClassLoader.loadClass(ClassLoader.java:357)
... 45 more
]]>
    </error>
  </testcase> <!-- startTest -->
  <system-out/>
  <testcase name="extentReportsDemo" time="0.000" classname="ReportsInGroovySelenium.DemoHEllo">
    <skipped/>
  </testcase> <!-- extentReportsDemo -->
  <system-out/>
</testsuite> <!-- ReportsInGroovySelenium.DemoHEllo -->
